<?xml version="1.0" encoding="UTF-8"?>
<!-- Generated by org.testng.reporters.JUnitXMLReporter -->
<testsuite hostname="DESKTOP-VTLIHK5" ignored="3" name="Default test" tests="2" failures="0" timestamp="2021-04-05T11:20:31 IST" time="43.829" errors="0">
  <testcase name="dismissMessagesTest" time="10.004" classname="mobileTests.Tests"/>
  <testcase name="SignInUsingDataProvider" time="0.0" classname="mobileTests.Tests">
    <skipped/>
  </testcase> <!-- SignInUsingDataProvider -->
  <testcase name="AddCoursesTest" time="0.0" classname="mobileTests.Tests">
    <ignored/>
  </testcase> <!-- AddCoursesTest -->
  <testcase name="signout" time="0.0" classname="mobileTests.Tests">
    <ignored/>
  </testcase> <!-- signout -->
  <testcase name="signupUsingEmailTest" time="0.0" classname="mobileTests.Tests">
    <ignored/>
  </testcase> <!-- signupUsingEmailTest -->
</testsuite> <!-- Default test -->
